<?xml version="1.0" encoding="utf-8"?><testsuites><testsuite errors="0" failures="0" hostname="SAGAR-G-LTG5-10" name="pytest" skipped="0" tests="3" time="20.648" timestamp="2020-06-14T09:03:02.394085"><testcase classname="test_HomePage.TestHomePage" file="test_HomePage.py" line="10" name="test_form_submission[getData0]" time="6.101"></testcase><testcase classname="test_HomePage.TestHomePage" file="test_HomePage.py" line="10" name="test_form_submission[getData1]" time="0.308"></testcase><testcase classname="test_e2e.TestOne" file="test_e2e.py" line="12" name="test_e2e" time="14.190"></testcase></testsuite></testsuites>